13:58:48.636 [main] INFO Agent.premain: To disable the automatic creation of this log file, set the system property appmap.disableLogFile to 'true'
13:58:48.637 [main] INFO Agent.premain: Agent version 1.26.1, current time mills: 1705604328244
13:58:48.637 [main] INFO Agent.premain: config: {
	"configFile":"appmap.yml",
	"name":"w4ps",
	"packages":[{
		"allMethods":true,
		"exclude":[],
		"path":"com.watchman.w4ps",
		"shallow":false
	}]
}
13:58:48.744 [main] INFO Agent.premain: System properties: {java.specification.version=21, sun.cpu.isalist=amd64, sun.jnu.encoding=Cp1252, java.class.path=J:\w4ps\w4ps\target\classes;C:\Users\erick.tepan\.m2\repository\org\springframework\boot\spring-boot-starter-web\3.2.1\spring-boot-starter-web-3.2.1.jar;C:\Users\erick.tepan\.m2\repository\org\springframework\boot\spring-boot-starter\3.2.1\spring-boot-starter-3.2.1.jar;C:\Users\erick.tepan\.m2\repository\org\springframework\boot\spring-boot\3.2.1\spring-boot-3.2.1.jar;C:\Users\erick.tepan\.m2\repository\org\springframework\boot\spring-boot-autoconfigure\3.2.1\spring-boot-autoconfigure-3.2.1.jar;C:\Users\erick.tepan\.m2\repository\org\springframework\boot\spring-boot-starter-logging\3.2.1\spring-boot-starter-logging-3.2.1.jar;C:\Users\erick.tepan\.m2\repository\ch\qos\logback\logback-classic\1.4.14\logback-classic-1.4.14.jar;C:\Users\erick.tepan\.m2\repository\ch\qos\logback\logback-core\1.4.14\logback-core-1.4.14.jar;C:\Users\erick.tepan\.m2\repository\org\apache\logging\log4j\log4j-to-slf4j\2.21.1\log4j-to-slf4j-2.21.1.jar;C:\Users\erick.tepan\.m2\repository\org\apache\logging\log4j\log4j-api\2.21.1\log4j-api-2.21.1.jar;C:\Users\erick.tepan\.m2\repository\org\slf4j\jul-to-slf4j\2.0.9\jul-to-slf4j-2.0.9.jar;C:\Users\erick.tepan\.m2\repository\jakarta\annotation\jakarta.annotation-api\2.1.1\jakarta.annotation-api-2.1.1.jar;C:\Users\erick.tepan\.m2\repository\org\yaml\snakeyaml\2.2\snakeyaml-2.2.jar;C:\Users\erick.tepan\.m2\repository\org\springframework\boot\spring-boot-starter-json\3.2.1\spring-boot-starter-json-3.2.1.jar;C:\Users\erick.tepan\.m2\repository\com\fasterxml\jackson\core\jackson-databind\2.15.3\jackson-databind-2.15.3.jar;C:\Users\erick.tepan\.m2\repository\com\fasterxml\jackson\core\jackson-annotations\2.15.3\jackson-annotations-2.15.3.jar;C:\Users\erick.tepan\.m2\repository\com\fasterxml\jackson\core\jackson-core\2.15.3\jackson-core-2.15.3.jar;C:\Users\erick.tepan\.m2\repository\com\fasterxml\jackson\datatype\jackson-datatype-jdk8\2.15.3\jackson-datatype-jdk8-2.15.3.jar;C:\Users\erick.tepan\.m2\repository\com\fasterxml\jackson\datatype\jackson-datatype-jsr310\2.15.3\jackson-datatype-jsr310-2.15.3.jar;C:\Users\erick.tepan\.m2\repository\com\fasterxml\jackson\module\jackson-module-parameter-names\2.15.3\jackson-module-parameter-names-2.15.3.jar;C:\Users\erick.tepan\.m2\repository\org\springframework\boot\spring-boot-starter-tomcat\3.2.1\spring-boot-starter-tomcat-3.2.1.jar;C:\Users\erick.tepan\.m2\repository\org\apache\tomcat\embed\tomcat-embed-core\10.1.17\tomcat-embed-core-10.1.17.jar;C:\Users\erick.tepan\.m2\repository\org\apache\tomcat\embed\tomcat-embed-el\10.1.17\tomcat-embed-el-10.1.17.jar;C:\Users\erick.tepan\.m2\repository\org\apache\tomcat\embed\tomcat-embed-websocket\10.1.17\tomcat-embed-websocket-10.1.17.jar;C:\Users\erick.tepan\.m2\repository\org\springframework\spring-web\6.1.2\spring-web-6.1.2.jar;C:\Users\erick.tepan\.m2\repository\org\springframework\spring-beans\6.1.2\spring-beans-6.1.2.jar;C:\Users\erick.tepan\.m2\repository\io\micrometer\micrometer-observation\1.12.1\micrometer-observation-1.12.1.jar;C:\Users\erick.tepan\.m2\repository\io\micrometer\micrometer-commons\1.12.1\micrometer-commons-1.12.1.jar;C:\Users\erick.tepan\.m2\repository\org\springframework\spring-webmvc\6.1.2\spring-webmvc-6.1.2.jar;C:\Users\erick.tepan\.m2\repository\org\springframework\spring-aop\6.1.2\spring-aop-6.1.2.jar;C:\Users\erick.tepan\.m2\repository\org\springframework\spring-context\6.1.2\spring-context-6.1.2.jar;C:\Users\erick.tepan\.m2\repository\org\springframework\spring-expression\6.1.2\spring-expression-6.1.2.jar;C:\Users\erick.tepan\.m2\repository\org\slf4j\slf4j-api\2.0.9\slf4j-api-2.0.9.jar;C:\Users\erick.tepan\.m2\repository\org\springframework\spring-core\6.1.2\spring-core-6.1.2.jar;C:\Users\erick.tepan\.m2\repository\org\springframework\spring-jcl\6.1.2\spring-jcl-6.1.2.jar, java.vm.vendor=Oracle Corporation, sun.arch.data.model=64, user.variant=, java.vendor.url=https://java.oracle.com/, user.timezone=America/New_York, java.vm.specification.version=21, os.name=Windows 10, sun.java.launcher=SUN_STANDARD, user.country=US, sun.boot.library.path=C:\Program Files\Java\jdk-21\bin, sun.java.command=com.watchman.w4ps.W4psApplication, jdk.debug=release, sun.cpu.endian=little, user.home=C:\Users\erick.tepan, user.language=en, java.specification.vendor=Oracle Corporation, java.version.date=2024-01-16, java.home=C:\Program Files\Java\jdk-21, file.separator=\, java.vm.compressedOopsMode=Zero based, line.separator=
, java.vm.specification.vendor=Oracle Corporation, java.specification.name=Java Platform API Specification, user.script=, sun.management.compiler=HotSpot 64-Bit Tiered Compilers, java.runtime.version=21.0.2+13-LTS-58, user.name=erick.tepan, stdout.encoding=cp437, path.separator=;, os.version=10.0, java.runtime.name=Java(TM) SE Runtime Environment, file.encoding=UTF-8, java.vm.name=Java HotSpot(TM) 64-Bit Server VM, java.vendor.url.bug=https://bugreport.java.com/bugreport/, java.io.tmpdir=C:\Users\ERICK~1.TEP\AppData\Local\Temp\, java.version=21.0.2, user.dir=J:\w4ps\w4ps, os.arch=amd64, java.vm.specification.name=Java Virtual Machine Specification, sun.os.patch.level=, native.encoding=Cp1252, java.library.path=C:\Program Files\Java\jdk-21\bin;C:\Windows\Sun\Java\bin;C:\Windows\system32;C:\Windows;C:\Users\erick.tepan\bin;C:\Users\erick.tepan\AppData\Local\Programs\Git\mingw64\bin;C:\Users\erick.tepan\AppData\Local\Programs\Git\usr\local\bin;C:\Users\erick.tepan\AppData\Local\Programs\Git\usr\bin;C:\Users\erick.tepan\AppData\Local\Programs\Git\usr\bin;C:\Users\erick.tepan\AppData\Local\Programs\Git\mingw64\bin;C:\Users\erick.tepan\AppData\Local\Programs\Git\usr\bin;C:\Users\erick.tepan\bin;C:\Program Files\Common Files\Oracle\Java\javapath;C:\Windows\system32;C:\Windows;C:\Windows\System32\Wbem;C:\Windows\System32\WindowsPowerShell\v1.0;C:\Windows\System32\OpenSSH;%JAVA_HOME%\bin;%MAVEN_HOME%\bin;C:\Users\erick.tepan\AppData\Roaming\nvm;C:\Program Files\nodejs;C:\Program Files\nodejs;C:\Program Files\nodejs\npm;C:\Users\erick.tepan\AppData\Roaming\nvm;C:\Users\erick.tepan\AppData\Roaming\nvm\nvm.exe;C:\Users\erick.tepan\AppData\Local\Microsoft\WindowsApps;C:\Users\erick.tepan\AppData\Local\Programs\Microsoft VS Code\bin;C:\Users\erick.tepan\AppData\Local\Programs\Git\cmd;C:\Users\erick.tepan\AppData\Roaming\npm;C:\Program Files\Java\apache-maven-3.9.6-bin\apache-maven-3.9.6\bin;C:\Program Files\Java\jdk-21\bin;C:\Users\erick.tepan\AppData\Local\Programs\Git\usr\bin\vendor_perl;C:\Users\erick.tepan\AppData\Local\Programs\Git\usr\bin\core_perl;., java.vm.info=mixed mode, sharing, stderr.encoding=cp437, java.vendor=Oracle Corporation, java.vm.version=21.0.2+13-LTS-58, sun.io.unicode.encoding=UnicodeLittle, java.class.version=65.0}
13:59:14.808 [Thread-3] INFO ClassFileTransformer.lambda$logStatistics$14: +++ method call +++
13:59:14.808 [Thread-3] INFO ClassFileTransformer.lambda$logStatistics$14: classes examined: 5271
13:59:14.808 [Thread-3] INFO ClassFileTransformer.lambda$logStatistics$14: classes ignored: 3525
13:59:14.808 [Thread-3] INFO ClassFileTransformer.lambda$logStatistics$14: methods examined: 38851
13:59:14.809 [Thread-3] INFO ClassFileTransformer.lambda$logStatistics$14: methods instrumented: 17
13:59:14.810 [Thread-3] INFO ClassFileTransformer.lambda$logStatistics$14: === method call ===
13:59:14.810 [Thread-3] INFO ClassFileTransformer.lambda$logStatistics$14: +++ system hook +++
13:59:14.810 [Thread-3] INFO ClassFileTransformer.lambda$logStatistics$14: classes examined: 4286
13:59:14.810 [Thread-3] INFO ClassFileTransformer.lambda$logStatistics$14: classes ignored: 3423
13:59:14.810 [Thread-3] INFO ClassFileTransformer.lambda$logStatistics$14: methods examined: 37882
13:59:14.810 [Thread-3] INFO ClassFileTransformer.lambda$logStatistics$14: methods instrumented: 7
13:59:14.810 [Thread-3] INFO ClassFileTransformer.lambda$logStatistics$14: === system hook ===
13:59:14.810 [Thread-3] INFO ClassFileTransformer.lambda$logStatistics$14: +++ proxy hooks +++
13:59:14.811 [Thread-3] INFO ClassFileTransformer.lambda$logStatistics$14: classes examined: 0
13:59:14.812 [Thread-3] INFO ClassFileTransformer.lambda$logStatistics$14: classes ignored: 0
13:59:14.812 [Thread-3] INFO ClassFileTransformer.lambda$logStatistics$14: methods examined: 0
13:59:14.813 [Thread-3] INFO ClassFileTransformer.lambda$logStatistics$14: methods instrumented: 0
13:59:14.813 [Thread-3] INFO ClassFileTransformer.lambda$logStatistics$14: === proxy hooks ===
